<?xml version="1.0" encoding="UTF-8"?>
<testsuite name="SourceTest" tests="2" skipped="0" failures="0" errors="0" timestamp="2019-02-26T12:32:35" hostname="Cristi" time="0.004">
  <properties/>
  <testcase name="sub" classname="SourceTest" time="0.004"/>
  <testcase name="add1" classname="SourceTest" time="0.0"/>
  <system-out><![CDATA[succes 
succes 
]]></system-out>
  <system-err><![CDATA[]]></system-err>
</testsuite>
